<?xml version="1.0" encoding="UTF-8"?>
<testsuite xmlns:xsi="http://www.w3.org/2001/XMLSchema-instance" xsi:noNamespaceSchemaLocation="https://maven.apache.org/surefire/maven-surefire-plugin/xsd/surefire-test-report-3.0.xsd" version="3.0" name="cucumberOptions.TestNGRunner" time="0.76" tests="3" errors="0" skipped="0" failures="0">
  <properties>
[...]
</properties>
  <testcase name="runScenario[&quot;User Page default login&quot;, &quot;Application Login&quot;](1)" classname="cucumberOptions.TestNGRunner" time="0.055">
    <system-out><![CDATA[
@Mobile @Netbanking
Scenario: User Page default login                                # src/test/java/features/secondpProgram.feature:6
  Given User is on NetBanking landing page                       # stepDefinitions.mainSteps.user_is_on_net_banking_landing_page()
  When User login into application with user and password "1234" # stepDefinitions.mainSteps.user_login_into_application(java.lang.String,java.lang.String)
  Then Home Page is displayed                                    # stepDefinitions.mainSteps.home_page_is_displayed()
  And Cards are displayed                                        # stepDefinitions.mainSteps.cards_are_displayed()
]]></system-out>
    <system-err><![CDATA[SLF4J: Failed to load class "org.slf4j.impl.StaticLoggerBinder".
SLF4J: Defaulting to no-operation (NOP) logger implementation
SLF4J: See http://www.slf4j.org/codes.html#StaticLoggerBinder for further details.
]]></system-err>
  </testcase>
  <testcase name="runScenario[&quot;Mortgage Page  default login&quot;, &quot;Application Login&quot;](2)" classname="cucumberOptions.TestNGRunner" time="0.008">
    <system-out><![CDATA[
@SmokeTest @Regression @Mortgage
Scenario Outline: Mortgage Page  default login                             # src/test/java/features/secondpProgram.feature:22
  Given User is on NetBanking landing page                                 # stepDefinitions.mainSteps.user_is_on_net_banking_landing_page()
  When User login into application with "debituser" and password "hello12" # stepDefinitions.mainSteps.user_login_into_application(java.lang.String,java.lang.String)
  Then Home Page is displayed                                              # stepDefinitions.mainSteps.home_page_is_displayed()
  And Cards are displayed                                                  # stepDefinitions.mainSteps.cards_are_displayed()
]]></system-out>
  </testcase>
  <testcase name="runScenario[&quot;Mortgage Page  default login&quot;, &quot;Application Login&quot;](3)" classname="cucumberOptions.TestNGRunner" time="0.016">
    <system-out><![CDATA[
@SmokeTest @Regression @Mortgage
Scenario Outline: Mortgage Page  default login                              # src/test/java/features/secondpProgram.feature:23
  Given User is on NetBanking landing page                                  # stepDefinitions.mainSteps.user_is_on_net_banking_landing_page()
  When User login into application with "credituser" and password "hello13" # stepDefinitions.mainSteps.user_login_into_application(java.lang.String,java.lang.String)
  Then Home Page is displayed                                               # stepDefinitions.mainSteps.home_page_is_displayed()
  And Cards are displayed                                                   # stepDefinitions.mainSteps.cards_are_displayed()
]]></system-out>
  </testcase>
</testsuite>